2024-08-08 19:25:04 - INFO - function: register args: () kwargs: {}, result: False
2024-08-08 19:26:38 - INFO - function: register args: () kwargs: {}, result: True
2024-08-08 19:28:15 - INFO - function: login args: () kwargs: {}, result: {'user_type': 'user'}
2024-08-08 22:48:30 - INFO - function: register args: () kwargs: {}, result: True
2024-08-08 23:10:50 - INFO - function: login args: () kwargs: {}, result: False
2024-08-08 23:12:55 - INFO - function: login args: () kwargs: {}, result: False
2024-08-08 23:13:20 - INFO - function: login args: () kwargs: {}, result: False
2024-08-08 23:13:37 - INFO - function: login args: () kwargs: {}, result: False
2024-08-08 23:15:18 - INFO - function: login args: () kwargs: {}, result: False
2024-08-08 23:15:55 - INFO - function: login args: () kwargs: {}, result: False
2024-08-08 23:16:05 - INFO - function: login args: () kwargs: {}, result: False
2024-08-08 23:16:17 - INFO - function: login args: () kwargs: {}, result: False
2024-08-08 23:18:15 - INFO - function: login args: () kwargs: {}, result: False
2024-08-08 23:19:00 - INFO - function: login args: () kwargs: {}, result: False
2024-08-08 23:19:31 - INFO - function: login args: () kwargs: {}, result: False
2024-08-08 23:19:44 - INFO - function: login args: () kwargs: {}, result: False
2024-08-08 23:19:52 - INFO - function: login args: () kwargs: {}, result: False
2024-08-08 23:20:04 - INFO - function: login args: () kwargs: {}, result: False
2024-08-08 23:20:12 - INFO - function: login args: () kwargs: {}, result: False
2024-08-08 23:20:26 - INFO - function: login args: () kwargs: {}, result: False
2024-08-08 23:20:43 - INFO - function: login args: () kwargs: {}, result: False
2024-08-08 23:21:03 - INFO - function: login args: () kwargs: {}, result: False
2024-08-08 23:21:22 - ERROR - function: login args: () kwargs: {}, error: string indices must be integers, not 'str'
2024-08-08 23:22:16 - ERROR - function: login args: () kwargs: {}, error: string indices must be integers, not 'str'
2024-08-08 23:25:15 - ERROR - function: login args: () kwargs: {}, error: string indices must be integers, not 'str'
2024-08-08 23:25:36 - INFO - function: register args: () kwargs: {}, result: False
2024-08-08 23:26:02 - INFO - function: register args: () kwargs: {}, result: False
2024-08-08 23:27:12 - INFO - function: register args: () kwargs: {}, result: False
2024-08-08 23:27:57 - INFO - function: register args: () kwargs: {}, result: False
2024-08-08 23:28:35 - INFO - function: register args: () kwargs: {}, result: False
2024-08-08 23:30:19 - INFO - function: register args: () kwargs: {}, result: True
2024-08-08 23:34:30 - INFO - function: login args: () kwargs: {}, result: {'user_type': 'user'}
2024-08-08 23:36:44 - INFO - function: login args: () kwargs: {}, result: False
2024-08-08 23:36:59 - INFO - function: login args: () kwargs: {}, result: False
2024-08-08 23:37:29 - INFO - function: login args: () kwargs: {}, result: {'user_type': 'user'}
2024-08-08 23:37:35 - INFO - function: login args: () kwargs: {}, result: False
2024-08-08 23:39:26 - INFO - function: login args: () kwargs: {}, result: False
2024-08-08 23:39:37 - INFO - function: login args: () kwargs: {}, result: {'user_type': 'user'}
2024-08-08 23:39:45 - INFO - function: login args: () kwargs: {}, result: False
2024-08-08 23:40:41 - INFO - function: login args: () kwargs: {}, result: {'user_type': 'user'}
2024-08-08 23:41:05 - INFO - function: login args: () kwargs: {}, result: False
2024-08-08 23:42:29 - INFO - function: login args: () kwargs: {}, result: {'user_type': 'user'}
2024-08-08 23:42:40 - INFO - function: login args: () kwargs: {}, result: False
2024-08-08 23:43:33 - INFO - function: login args: () kwargs: {}, result: False
2024-08-08 23:43:59 - ERROR - function: login args: () kwargs: {}, error: string indices must be integers, not 'str'
2024-08-08 23:46:03 - ERROR - function: login args: () kwargs: {}, error: string indices must be integers, not 'str'
2024-08-08 23:46:35 - INFO - function: login args: () kwargs: {}, result: {'user_type': 'user'}
2024-08-08 23:48:33 - INFO - function: register args: () kwargs: {}, result: True
2024-08-09 08:06:12 - INFO - function: login args: () kwargs: {}, result: {'user_type': 'Admin'}
2024-08-09 08:11:35 - INFO - function: login args: () kwargs: {}, result: False
2024-08-09 08:19:09 - INFO - function: login args: () kwargs: {}, result: False
2024-08-09 08:19:26 - INFO - function: login args: () kwargs: {}, result: False
2024-08-09 08:20:00 - INFO - function: login args: () kwargs: {}, result: False
2024-08-09 08:20:14 - ERROR - function: login args: () kwargs: {}, error: string indices must be integers, not 'str'
2024-08-09 08:20:48 - ERROR - function: login args: () kwargs: {}, error: string indices must be integers, not 'str'
2024-08-09 08:23:09 - INFO - function: register args: () kwargs: {}, result: True
2024-08-09 08:26:57 - INFO - function: login args: () kwargs: {}, result: False
2024-08-09 08:27:17 - INFO - function: login args: () kwargs: {}, result: {'user_type': 'user'}
2024-08-09 08:28:36 - INFO - function: login args: () kwargs: {}, result: {'user_type': 'user'}
2024-08-09 08:28:43 - INFO - function: login args: () kwargs: {}, result: False
2024-08-09 08:28:49 - INFO - function: login args: () kwargs: {}, result: False
2024-08-09 08:29:03 - INFO - function: login args: () kwargs: {}, result: False
2024-08-09 08:29:06 - INFO - function: login args: () kwargs: {}, result: False
2024-08-09 08:34:14 - ERROR - function: login args: () kwargs: {}, error: string indices must be integers, not 'str'
2024-08-09 08:40:09 - INFO - function: register args: () kwargs: {}, result: True
2024-08-09 08:40:43 - INFO - function: login args: () kwargs: {}, result: {'user_type': 'user'}
2024-08-09 08:43:02 - INFO - function: login args: () kwargs: {}, result: {'user_type': 'user'}
2024-08-09 09:56:18 - INFO - function: login args: () kwargs: {}, result: {'user_type': 'Admin'}
2024-08-09 09:56:55 - INFO - function: login args: () kwargs: {}, result: {'user_type': 'Admin'}
2024-08-09 09:59:46 - INFO - function: login args: () kwargs: {}, result: {'user_type': 'Admin'}
2024-08-09 10:01:52 - INFO - function: login args: () kwargs: {}, result: {'user_type': 'Admin'}
2024-08-09 10:02:21 - INFO - function: login args: () kwargs: {}, result: {'user_type': 'Admin'}
2024-08-09 10:02:48 - INFO - function: login args: () kwargs: {}, result: {'user_type': 'Admin'}
2024-08-09 10:03:45 - INFO - function: login args: () kwargs: {}, result: {'user_type': 'Admin'}
2024-08-09 10:12:04 - INFO - function: login args: () kwargs: {}, result: {'user_type': 'Admin'}
